<?xml version="1.0" encoding="UTF-8"?>
<testsuite xmlns:xsi="http://www.w3.org/2001/XMLSchema-instance" xsi:schemaLocation="https://maven.apache.org/surefire/maven-surefire-plugin/xsd/surefire-test-report.xsd" name="TestSuite" time="4.129" tests="1" errors="0" skipped="0" failures="0">
  <properties>
    <property name="java.runtime.name" value="Java(TM) SE Runtime Environment"/>
    <property name="sun.boot.library.path" value="D:\UTF\Tools\Java\bin"/>
    <property name="java.vm.version" value="25.91-b14"/>
    <property name="java.vm.vendor" value="Oracle Corporation"/>
    <property name="maven.multiModuleProjectDirectory" value="D:\BDD\WebdriverUniversity\CucumberFramework"/>
    <property name="java.vendor.url" value="http://java.oracle.com/"/>
    <property name="path.separator" value=";"/>
    <property name="guice.disable.misplaced.annotation.check" value="true"/>
    <property name="java.vm.name" value="Java HotSpot(TM) 64-Bit Server VM"/>
    <property name="file.encoding.pkg" value="sun.io"/>
    <property name="user.script" value=""/>
    <property name="user.country" value="US"/>
    <property name="sun.java.launcher" value="SUN_STANDARD"/>
    <property name="sun.os.patch.level" value=""/>
    <property name="java.vm.specification.name" value="Java Virtual Machine Specification"/>
    <property name="user.dir" value="D:\BDD\WebdriverUniversity\CucumberFramework"/>
    <property name="java.runtime.version" value="1.8.0_91-b14"/>
    <property name="java.awt.graphicsenv" value="sun.awt.Win32GraphicsEnvironment"/>
    <property name="java.endorsed.dirs" value="D:\UTF\Tools\Java\lib\endorsed"/>
    <property name="os.arch" value="amd64"/>
    <property name="java.io.tmpdir" value="C:\Users\sounsaha\AppData\Local\Temp\"/>
    <property name="line.separator" value="&#10;"/>
    <property name="java.vm.specification.vendor" value="Oracle Corporation"/>
    <property name="user.variant" value=""/>
    <property name="os.name" value="Windows 10"/>
    <property name="classworlds.conf" value="D:\BDD_Cucumber\.metadata\.plugins\org.eclipse.m2e.launching\launches\m2conf5524908787525975187.tmp"/>
    <property name="sun.jnu.encoding" value="Cp1252"/>
    <property name="java.library.path" value="D:\UTF\Tools\Java\bin;C:\Windows\Sun\Java\bin;C:\Windows\system32;C:\Windows;D:/UTF/Tools/Java/bin/server;D:/UTF/Tools/Java/bin;D:/UTF/Tools/Java/lib/amd64;C:\Python3;C:\Python3\Lib\site-packages;C:\Python27\;C:\Python27\Scripts;D:\UTF\UnifiedTestFramework\ExternalTools\Drivers;D:\UTF\Tools\Java\bin;D:\Softwares\New folder\OracleDBClient\bin\OracleInstantClient_64bit\instantclient-12.1.0.2.0;D:\UTF\UTF\UnifiedTestFramework\ExternalTools\Drivers;D:\UTF\UTF\Tools\Java\bin;C:\Program Files (x86)\Common Files\Oracle\Java\javapath;C:\ProgramData\Oracle\Java\javapath;C:\Program Files\Common Files\Microsoft Shared\Microsoft Online Services;C:\Program Files (x86)\Common Files\Microsoft Shared\Microsoft Online Services;C:\Windows\system32;C:\Windows;C:\Windows\System32\Wbem;C:\Windows\System32\WindowsPowerShell\v1.0\;C:\Program Files\dotnet\;C:\Program Files\Git\cmd;C:\Program Files (x86)\HPE\LeanFT\bin;C:\PROGRA~2\IBM\CLIENT~1;C:\PROGRA~2\IBM\CLIENT~1\Shared;C:\PROGRA~2\IBM\CLIENT~1\Emulator;C:\Program Files (x86)\Java\jre1.8.0_171\bin;C:\Program Files\IBM\WebSphere MQ\bin64;C:\Program Files\IBM\WebSphere MQ\bin;C:\Program Files\IBM\WebSphere MQ\tools\c\samples\bin64;C:\Program Files\IBM\WebSphere MQ\tools\c\samples\bin;D:\OracleDBClient\OracleInstantClient_64bit\instantclient-12.1.0.2.0;C:\Program Files\Microsoft\Web Platform Installer\;C:\Program Files (x86)\Microsoft ASP.NET\ASP.NET Web Pages\v1.0\;C:\Program Files\Microsoft SQL Server\110\Tools\Binn\;C:\Program Files\Java\jdk1.8.0_25\bin;C:\Program Files (x86)\HP\Unified Functional Testing\bin;C:\Program Files\apache-maven-3.6.0\bin;C:\Program Files\nodejs\;C:\Program Files\nodejs;C:\Program Files (x86)\Microsoft Visual Studio\Shared\Python36_64\Lib;C:\Dev_programs\apache-maven-3.6.0\bin;C:\Program Files\Java\jdk1.8.0_25;C:\Program Files\Java\jdk1.8.0_25\bin;C:\Python3\Scripts\;C:\Python3\;C:\Users\sounsaha\AppData\Local\Microsoft\WindowsApps;C:\Program Files (x86)\Java\jre1.8.0_171\bin;C:\Users\sounsaha\AppData\Roaming\npm;;C:\Users\sounsaha\Desktop;;."/>
    <property name="java.specification.name" value="Java Platform API Specification"/>
    <property name="java.class.version" value="52.0"/>
    <property name="sun.management.compiler" value="HotSpot 64-Bit Tiered Compilers"/>
    <property name="os.version" value="10.0"/>
    <property name="user.home" value="C:\Users\sounsaha"/>
    <property name="user.timezone" value="Asia/Calcutta"/>
    <property name="java.awt.printerjob" value="sun.awt.windows.WPrinterJob"/>
    <property name="java.specification.version" value="1.8"/>
    <property name="file.encoding" value="Cp1252"/>
    <property name="user.name" value="sounsaha"/>
    <property name="java.class.path" value="/D:/UTF/EclipseUnifiedTestFramework/plugins/org.eclipse.m2e.maven.runtime_1.7.0.20160603-1931/jars/plexus-classworlds-2.5.2.jar"/>
    <property name="java.vm.specification.version" value="1.8"/>
    <property name="sun.arch.data.model" value="64"/>
    <property name="java.home" value="D:\UTF\Tools\Java"/>
    <property name="sun.java.command" value="org.codehaus.plexus.classworlds.launcher.Launcher -B test"/>
    <property name="java.specification.vendor" value="Oracle Corporation"/>
    <property name="user.language" value="en"/>
    <property name="awt.toolkit" value="sun.awt.windows.WToolkit"/>
    <property name="java.vm.info" value="mixed mode"/>
    <property name="java.version" value="1.8.0_91"/>
    <property name="java.ext.dirs" value="D:\UTF\Tools\Java\lib\ext;C:\Windows\Sun\Java\lib\ext"/>
    <property name="sun.boot.class.path" value="D:\UTF\Tools\Java\lib\resources.jar;D:\UTF\Tools\Java\lib\rt.jar;D:\UTF\Tools\Java\lib\sunrsasign.jar;D:\UTF\Tools\Java\lib\jsse.jar;D:\UTF\Tools\Java\lib\jce.jar;D:\UTF\Tools\Java\lib\charsets.jar;D:\UTF\Tools\Java\lib\jfr.jar;D:\UTF\Tools\Java\classes"/>
    <property name="java.vendor" value="Oracle Corporation"/>
    <property name="maven.home" value="D:\BDD\WebdriverUniversity\CucumberFramework\EMBEDDED"/>
    <property name="file.separator" value="\"/>
    <property name="java.vendor.url.bug" value="http://bugreport.sun.com/bugreport/"/>
    <property name="sun.cpu.endian" value="little"/>
    <property name="sun.io.unicode.encoding" value="UnicodeLittle"/>
    <property name="sun.desktop" value="windows"/>
    <property name="sun.cpu.isalist" value="amd64"/>
  </properties>
  <testcase name="feature" classname="runners.MainRunner" time="2.948"/>
</testsuite>