<?xml version="1.0" encoding="UTF-8"?>
<!-- Generated by org.testng.reporters.JUnitReportReporter -->
<testsuite hostname="BLR2CSLP0121" name="runners.MainRunner" tests="1" failures="0" timestamp="13 Nov 2019 05:17:31 GMT" time="3.249" errors="0">
  <testcase name="feature" time="3.249" classname="runners.MainRunner"/>
</testsuite> <!-- runners.MainRunner -->
