<?xml version="1.0" encoding="UTF-8"?>
<!-- Generated by org.testng.reporters.JUnitReportReporter -->
<testsuite hostname="BLR2CSLP0121" name="runners.MainRunner" tests="1" failures="0" timestamp="21 Mar 2019 07:18:48 GMT" time="2.933" errors="0">
  <testcase name="feature" time="2.933" classname="runners.MainRunner"/>
</testsuite> <!-- runners.MainRunner -->
